[2026-03-06 17:00:01.382887] Alpha Scanner starting...
  Camel analyses: 10
  Feed entries: 2
  Positions loaded: True
  Prices loaded: True
  High-conviction calls extracted: 231
  Mapped to 1256 instruments: 169
  Ideas in report: 13
  New auto-generated: 10
  Written to /Users/zekezirk/zeke-portfolio/state/alpha-ideas.json
[2026-03-06 17:00:01.441779] Alpha Scanner complete.
[2026-03-07 17:00:02.028061] Alpha Scanner starting...
  Camel analyses: 10
  Feed entries: 2
  Positions loaded: True
  Prices loaded: True
  High-conviction calls extracted: 232
  Mapped to 1256 instruments: 145
  Ideas in report: 13
  New auto-generated: 10
  Written to /Users/zekezirk/zeke-portfolio/state/alpha-ideas.json
[2026-03-07 17:00:02.087754] Alpha Scanner complete.
[2026-03-08 17:00:02.621902] Alpha Scanner starting...
  Camel analyses: 10
  Feed entries: 2
  Positions loaded: True
  Prices loaded: True
  High-conviction calls extracted: 232
  Mapped to 1256 instruments: 145
  Ideas in report: 13
  New auto-generated: 10
  Written to /Users/zekezirk/zeke-portfolio/state/alpha-ideas.json
[2026-03-08 17:00:02.682828] Alpha Scanner complete.
[2026-03-09 17:00:03.215328] Alpha Scanner starting...
  Camel analyses: 10
  Feed entries: 2
  Positions loaded: True
  Prices loaded: True
  High-conviction calls extracted: 232
  Mapped to 1256 instruments: 145
  Ideas in report: 15
  New auto-generated: 10
  Written to /Users/zekezirk/zeke-portfolio/state/alpha-ideas.json
[2026-03-09 17:00:03.279745] Alpha Scanner complete.
[2026-03-10 17:00:00.617826] Alpha Scanner starting...
  Camel analyses: 10
  Feed entries: 2
  Positions loaded: True
  Prices loaded: True
  High-conviction calls extracted: 241
  Mapped to 1256 instruments: 146
  Ideas in report: 16
  New auto-generated: 10
  Written to /Users/zekezirk/zeke-portfolio/state/alpha-ideas.json
[2026-03-10 17:00:00.683263] Alpha Scanner complete.
[2026-03-11 17:00:02.485574] Alpha Scanner starting...
  Camel analyses: 10
  Feed entries: 2
  Positions loaded: True
  Prices loaded: True
  High-conviction calls extracted: 241
  Mapped to 1256 instruments: 146
  Ideas in report: 16
  New auto-generated: 10
  Written to /Users/zekezirk/zeke-portfolio/state/alpha-ideas.json
[2026-03-11 17:00:02.547413] Alpha Scanner complete.
[2026-03-12 17:00:01.126949] Alpha Scanner starting...
  Camel analyses: 10
  Feed entries: 2
  Positions loaded: True
  Prices loaded: True
  High-conviction calls extracted: 274
  Mapped to 1256 instruments: 173
  Ideas in report: 16
  New auto-generated: 10
  Written to /Users/zekezirk/zeke-portfolio/state/alpha-ideas.json
[2026-03-12 17:00:01.190451] Alpha Scanner complete.
[17:00:01] Alpha Scanner V2 starting...
  Loading price histories...
  Loaded 16/16 histories
  [1/3] Running quantitative screens...
    → 6 ideas
  [2/3] Running correlation scanner...
    → 2 ideas
  [3/3] Running options optimizer...
    → 8 ideas
  [4/4] Running portfolio break-even scanner...
    → 11 ideas
  Written 21 total ideas to /Users/zekezirk/zeke-portfolio/state/alpha-ideas.json
    Manual/legacy preserved: 0
    New v2 (deduplicated): 21
      quant_screens: 6
      correlation: 2
      options_opt: 8
      breakeven: 11
  Sending 4 high-conviction Telegram alerts...
[17:00:01] Alpha Scanner V2 complete.
[17:00:04] Alpha Scanner V2 starting...
  Loading price histories...
  Loaded 16/16 histories
  [1/3] Running quantitative screens...
    → 7 ideas
  [2/3] Running correlation scanner...
    → 2 ideas
  [3/3] Running options optimizer...
    → 8 ideas
  [4/4] Running portfolio break-even scanner...
    → 11 ideas
  Written 22 total ideas to /Users/zekezirk/zeke-portfolio/state/alpha-ideas.json
    Manual/legacy preserved: 0
    New v2 (deduplicated): 22
      quant_screens: 7
      correlation: 2
      options_opt: 8
      breakeven: 11
  Sending 4 high-conviction Telegram alerts...
[17:00:04] Alpha Scanner V2 complete.
