[2026-03-08T22:16:34.906532] TLT alerts running...
TLT=$88.46 CRUDE=$114.0
Alerts fired: 0
[2026-03-08T22:31:35.044671] TLT alerts running...
TLT=$88.46 CRUDE=$115.18
[FIRED] CRUDE_WATCH_95.0 = 115.18
[FIRED] CRUDE_REDUCE_100.0 = 115.18
[FIRED] CRUDE_EXIT_110.0 = 115.18
Alerts fired: 3
[2026-03-08T22:46:36.853084] TLT alerts running...
TLT=$88.46 CRUDE=$118.39
Alerts fired: 0
[2026-03-08T23:01:36.988187] TLT alerts running...
TLT=$88.46 CRUDE=$116.28
Alerts fired: 0
[2026-03-08T23:16:37.110242] TLT alerts running...
TLT=$88.46 CRUDE=$113.58
Alerts fired: 0
[2026-03-08T23:31:37.243301] TLT alerts running...
TLT=$88.46 CRUDE=$113.22
Alerts fired: 0
[2026-03-08T23:46:37.400759] TLT alerts running...
TLT=$88.46 CRUDE=$114.35
Alerts fired: 0
[2026-03-09T00:01:37.573326] TLT alerts running...
TLT=$88.46 CRUDE=$116.05
Alerts fired: 0
[2026-03-09T00:16:37.753041] TLT alerts running...
TLT=$88.46 CRUDE=$115.95
Alerts fired: 0
[2026-03-09T00:31:37.913397] TLT alerts running...
TLT=$88.46 CRUDE=$115.42
[FIRED] CRUDE_EXIT_110.0 = 115.42
Alerts fired: 1
[2026-03-09T00:46:38.705035] TLT alerts running...
TLT=$88.46 CRUDE=$114.9
Alerts fired: 0
[2026-03-09T01:01:38.847027] TLT alerts running...
TLT=$88.46 CRUDE=$116.49
Alerts fired: 0
[2026-03-09T01:16:39.028234] TLT alerts running...
TLT=$88.46 CRUDE=$115.87
Alerts fired: 0
[2026-03-09T01:31:39.164884] TLT alerts running...
TLT=$88.46 CRUDE=$113.62
Alerts fired: 0
